<?xml version="1.0" encoding="UTF-8"?>
<!-- Generated by org.testng.reporters.JUnitXMLReporter -->
<testsuite ignored="2" hostname="NARAHARI-WOODI-DELL" failures="0" tests="1" name="Default test" time="7.889" errors="0" timestamp="2025-03-18T12:52:16 IST">
  <testcase classname="com.crm.SalesAndInventorySystemProject.admin.employeetest.CreateEmployeeTest" name="displayEmployeeDetailsTest" time="4.215"/>
  <testcase classname="com.crm.SalesAndInventorySystemProject.admin.employeetest.CreateEmployeeTest" name="createEmployeeWithoutHireDate" time="0.0">
    <ignored/>
  </testcase> <!-- createEmployeeWithoutHireDate -->
  <testcase classname="com.crm.SalesAndInventorySystemProject.admin.employeetest.CreateEmployeeTest" name="createEmployeeWithHireDate" time="0.0">
    <ignored/>
  </testcase> <!-- createEmployeeWithHireDate -->
</testsuite> <!-- Default test -->
